0 verbose cli C:\Program Files\nodejs\node.exe C:\Users\thend\AppData\Roaming\npm\node_modules\npm\bin\npm-cli.js
1 info using npm@11.1.0
2 info using node@v22.14.0
3 silly config load:file:C:\Users\thend\AppData\Roaming\npm\node_modules\npm\npmrc
4 silly config load:file:C:\Users\thend\.npmrc
5 silly config load:file:C:\Users\thend\AppData\Roaming\npm\etc\npmrc
6 verbose title npm install
7 verbose argv "install"
8 verbose logfile logs-max:10 dir:C:\Users\thend\prodev-mobile-app\UsersthendAppDataLocalnpm-cache\_logs\2025-02-26T15_08_57_250Z-
9 verbose logfile C:\Users\thend\prodev-mobile-app\UsersthendAppDataLocalnpm-cache\_logs\2025-02-26T15_08_57_250Z-debug-0.log
10 silly logfile done cleaning log files
11 silly packumentCache heap:2197815296 maxSize:549453824 maxEntrySize:274726912
12 silly idealTree buildDeps
13 silly reify moves {}
14 silly audit bulk request {
14 silly audit   'js-tokens': [ '4.0.0' ],
14 silly audit   'loose-envify': [ '1.4.0' ],
14 silly audit   react: [ '18.3.1' ],
14 silly audit   'use-sync-external-store': [ '1.2.2' ],
14 silly audit   zustand: [ '4.5.5' ]
14 silly audit }
15 http fetch POST 200 https://registry.npmjs.org/-/npm/v1/security/advisories/bulk 1779ms
16 silly audit report {}
17 verbose cwd C:\Users\thend\prodev-mobile-app
18 verbose os Windows_NT 10.0.19045
19 verbose node v22.14.0
20 verbose npm  v11.1.0
21 verbose exit 0
22 info ok
