0 verbose cli C:\Program Files\nodejs\node.exe C:\Program Files\nodejs\node_modules\npm\bin\npm-cli.js
1 info using npm@10.8.1
2 info using node@v20.16.0
3 silly config load:file:C:\Program Files\nodejs\node_modules\npm\npmrc
4 silly config load:file:c:\Users\thend\prodev-mobile-app\prodev-mobile-app-0x04\.npmrc
5 silly config load:file:C:\Users\thend\.npmrc
6 silly config load:file:C:\Users\thend\AppData\Roaming\npm\etc\npmrc
7 verbose title npm view @react-navigation/bottom-tabs description dist-tags.latest homepage version time
8 verbose argv "view" "--json" "--" "@react-navigation/bottom-tabs" "description" "dist-tags.latest" "homepage" "version" "time"
9 verbose logfile logs-max:10 dir:C:\Users\thend\prodev-mobile-app\prodev-mobile-app-0x04\UsersthendAppDataLocalnpm-cache\_logs\2025-02-20T10_36_15_550Z-
10 verbose logfile C:\Users\thend\prodev-mobile-app\prodev-mobile-app-0x04\UsersthendAppDataLocalnpm-cache\_logs\2025-02-20T10_36_15_550Z-debug-0.log
11 silly logfile start cleaning logs, removing 1 files
12 silly logfile done cleaning log files
13 http fetch GET 200 https://registry.npmjs.org/@react-navigation%2fbottom-tabs 1117ms (cache miss)
14 verbose cwd c:\Users\thend\prodev-mobile-app\prodev-mobile-app-0x04
15 verbose os Windows_NT 10.0.19045
16 verbose node v20.16.0
17 verbose npm  v10.8.1
18 verbose exit 0
19 info ok
